<?xml version="1.0" encoding="UTF-8"?>
<!-- Generated by org.testng.reporters.JUnitReportReporter -->
<testsuite hostname="Bhupendras-MacBook-Pro.local" failures="0" tests="11" name="test.Login" time="16.602" errors="0" timestamp="2021-06-13T15:17:24 IST" skipped="0">
  <testcase classname="test.Login" name="open_login_page" time="12.284"/>
  <testcase classname="test.Login" name="verify_presence_of_domain_name_input_field" time="0.115"/>
  <testcase classname="test.Login" name="enter_domain_name" time="0.294"/>
  <testcase classname="test.Login" name="verify_presence_of_domain_submit_button" time="0.037"/>
  <testcase classname="test.Login" name="submit_domain_name" time="0.062"/>
  <testcase classname="test.Login" name="verify_presence_of_email_textbox" time="0.965"/>
  <testcase classname="test.Login" name="verify_presence_of_password_textbox" time="0.028"/>
  <testcase classname="test.Login" name="verify_presence_of_login_details_submit_button" time="0.029"/>
  <testcase classname="test.Login" name="enter_and_submit_invalid_login_details" time="0.376"/>
  <testcase classname="test.Login" name="verify_invalid_login_validation" time="2.029"/>
  <testcase classname="test.Login" name="enter_and_submit_valid_login_details" time="0.383"/>
</testsuite> <!-- test.Login -->
