<?xml version="1.0" encoding="UTF-8"?>
<!-- Generated by org.testng.reporters.JUnitReportReporter -->
<testsuite hostname="Bhupendras-MacBook-Pro.local" failures="0" tests="7" name="test.NewItem" time="6.891" errors="0" timestamp="2021-06-13T16:32:05 IST" skipped="0">
  <testcase classname="test.NewItem" name="verify_dashboard_menu" time="0.177"/>
  <testcase classname="test.NewItem" name="create_new_item" time="0.128"/>
  <testcase classname="test.NewItem" name="check_negative_case_try_to_submit_form_without_data_values" time="0.183"/>
  <testcase classname="test.NewItem" name="fill_form_to_create_new_item" time="2.971"/>
  <testcase classname="test.NewItem" name="submit_add_new_item_with_valid_data" time="3.169"/>
  <testcase classname="test.NewItem" name="verify_newly_added_sku_item" time="0.038"/>
  <testcase classname="test.NewItem" name="navigate_item_list_and_search_newly_added_sku_item" time="0.225"/>
</testsuite> <!-- test.NewItem -->
