<?xml version="1.0" encoding="UTF-8"?>
<!-- Generated by org.testng.reporters.JUnitReportReporter -->
<testsuite hostname="Bhupendras-MacBook-Pro.local" failures="0" tests="11" name="test.Login" time="14.896" errors="0" timestamp="2021-06-13T16:32:05 IST" skipped="0">
  <testcase classname="test.Login" name="open_login_page" time="9.876"/>
  <testcase classname="test.Login" name="verify_presence_of_domain_name_input_field" time="0.081"/>
  <testcase classname="test.Login" name="enter_domain_name" time="0.206"/>
  <testcase classname="test.Login" name="verify_presence_of_domain_submit_button" time="0.030"/>
  <testcase classname="test.Login" name="submit_domain_name" time="0.048"/>
  <testcase classname="test.Login" name="verify_presence_of_email_textbox" time="1.891"/>
  <testcase classname="test.Login" name="verify_presence_of_password_textbox" time="0.047"/>
  <testcase classname="test.Login" name="verify_presence_of_login_details_submit_button" time="0.029"/>
  <testcase classname="test.Login" name="enter_and_submit_invalid_login_details" time="0.351"/>
  <testcase classname="test.Login" name="verify_invalid_login_validation" time="2.035"/>
  <testcase classname="test.Login" name="enter_and_submit_valid_login_details" time="0.302"/>
</testsuite> <!-- test.Login -->
