<?xml version="1.0" encoding="UTF-8"?>
<!-- Generated by org.testng.reporters.JUnitReportReporter -->
<testsuite hostname="Bhupendras-MacBook-Pro.local" failures="0" tests="11" name="parkplus.Operator" time="2.124" errors="0" timestamp="2020-07-11T15:18:27 IST" skipped="0">
  <testcase classname="parkplus.Operator" name="open_operator_login_page" time="0.007"/>
  <testcase classname="parkplus.Operator" name="clear_phone_text_field" time="0.015"/>
  <testcase classname="parkplus.Operator" name="input_phone_number_in_text_field" time="0.013"/>
  <testcase classname="parkplus.Operator" name="Click_on_verify_button" time="0.005"/>
  <testcase classname="parkplus.Operator" name="enter_otp_in_otp_boxes" time="0.009"/>
  <testcase classname="parkplus.Operator" name="submit_otp" time="1.012"/>
  <testcase classname="parkplus.Operator" name="Click_on_scan_qr_code_button" time="1.007"/>
  <testcase classname="parkplus.Operator" name="Enter_qr_code" time="0.004"/>
  <testcase classname="parkplus.Operator" name="submit_qr_code_for_entry" time="0.033"/>
  <testcase classname="parkplus.Operator" name="check_temprature_and_make_entry" time="0.011"/>
  <testcase classname="parkplus.Operator" name="operator_logout" time="0.008"/>
</testsuite> <!-- parkplus.Operator -->
