<?xml version="1.0" encoding="UTF-8"?>
<!-- Generated by org.testng.reporters.JUnitReportReporter -->
<testsuite hostname="Bhupendras-MBP" failures="1" tests="14" name="parkplus.Visitor" time="20.213" errors="0" timestamp="2021-06-12T10:01:58 IST" skipped="13">
  <testcase classname="parkplus.Visitor" name="initbrowser" time="20.213">
    <failure type="junit.framework.AssertionFailedError">
      <![CDATA[junit.framework.AssertionFailedError
at junit.framework.Assert.fail(Assert.java:55)
at junit.framework.Assert.fail(Assert.java:64)
at common.LaunchBrowser.initbrowser(LaunchBrowser.java:30)
at java.base/jdk.internal.reflect.NativeMethodAccessorImpl.invoke0(Native Method)
at java.base/jdk.internal.reflect.NativeMethodAccessorImpl.invoke(NativeMethodAccessorImpl.java:62)
at java.base/jdk.internal.reflect.DelegatingMethodAccessorImpl.invoke(DelegatingMethodAccessorImpl.java:43)
at java.base/java.lang.reflect.Method.invoke(Method.java:564)
at org.testng.internal.MethodInvocationHelper.invokeMethod(MethodInvocationHelper.java:133)
at org.testng.internal.MethodInvocationHelper.invokeMethodConsideringTimeout(MethodInvocationHelper.java:62)
at org.testng.internal.ConfigInvoker.invokeConfigurationMethod(ConfigInvoker.java:340)
at org.testng.internal.ConfigInvoker.invokeConfigurations(ConfigInvoker.java:294)
at org.testng.SuiteRunner.privateRun(SuiteRunner.java:345)
at org.testng.SuiteRunner.run(SuiteRunner.java:304)
at org.testng.SuiteRunnerWorker.runSuite(SuiteRunnerWorker.java:53)
at org.testng.SuiteRunnerWorker.run(SuiteRunnerWorker.java:96)
at org.testng.TestNG.runSuitesSequentially(TestNG.java:1180)
at org.testng.TestNG.runSuitesLocally(TestNG.java:1102)
at org.testng.TestNG.runSuites(TestNG.java:1032)
at org.testng.TestNG.run(TestNG.java:1000)
at org.testng.remote.AbstractRemoteTestNG.run(AbstractRemoteTestNG.java:115)
at org.testng.remote.RemoteTestNG.initAndRun(RemoteTestNG.java:251)
at org.testng.remote.RemoteTestNG.main(RemoteTestNG.java:77)
]]>
    </failure>
  </testcase> <!-- initbrowser -->
  <testcase classname="parkplus.Visitor" name="open_visitor_login_page" time="0.000">
    <skipped/>
  </testcase> <!-- open_visitor_login_page -->
  <testcase classname="parkplus.Visitor" name="clear_phone_text_field" time="0.000">
    <skipped/>
  </testcase> <!-- clear_phone_text_field -->
  <testcase classname="parkplus.Visitor" name="input_phone_number_in_text_field" time="0.000">
    <skipped/>
  </testcase> <!-- input_phone_number_in_text_field -->
  <testcase classname="parkplus.Visitor" name="Click_on_verify_button" time="0.000">
    <skipped/>
  </testcase> <!-- Click_on_verify_button -->
  <testcase classname="parkplus.Visitor" name="enter_otp_in_otp_boxes" time="0.000">
    <skipped/>
  </testcase> <!-- enter_otp_in_otp_boxes -->
  <testcase classname="parkplus.Visitor" name="submit_otp" time="0.000">
    <skipped/>
  </testcase> <!-- submit_otp -->
  <testcase classname="parkplus.Visitor" name="add_visitor" time="0.000">
    <skipped/>
  </testcase> <!-- add_visitor -->
  <testcase classname="parkplus.Visitor" name="accept_terms_and_conditions" time="0.000">
    <skipped/>
  </testcase> <!-- accept_terms_and_conditions -->
  <testcase classname="parkplus.Visitor" name="Confirm_terms_and_conditions_and_submit" time="0.000">
    <skipped/>
  </testcase> <!-- Confirm_terms_and_conditions_and_submit -->
  <testcase classname="parkplus.Visitor" name="read_qr_go_to_home" time="0.000">
    <skipped/>
  </testcase> <!-- read_qr_go_to_home -->
  <testcase classname="parkplus.Visitor" name="home_goto_my_bookings" time="0.000">
    <skipped/>
  </testcase> <!-- home_goto_my_bookings -->
  <testcase classname="parkplus.Visitor" name="bookings_screen_shoping_parking_tab_switch" time="0.000">
    <skipped/>
  </testcase> <!-- bookings_screen_shoping_parking_tab_switch -->
  <testcase classname="parkplus.Visitor" name="go_back_from_my_bookings_to_home_screen" time="0.000">
    <skipped/>
  </testcase> <!-- go_back_from_my_bookings_to_home_screen -->
</testsuite> <!-- parkplus.Visitor -->
