<?xml version="1.0" encoding="UTF-8"?>
<!-- Generated by org.testng.reporters.JUnitReportReporter -->
<testsuite hostname="Bhupendras-MacBook-Pro.local" failures="0" tests="9" name="parkplus.OperatorExit" time="2.063" errors="0" timestamp="2020-07-11T15:18:27 IST" skipped="0">
  <testcase classname="parkplus.OperatorExit" name="open_operator_login_page" time="0.005"/>
  <testcase classname="parkplus.OperatorExit" name="clear_phone_text_field" time="0.006"/>
  <testcase classname="parkplus.OperatorExit" name="input_phone_number_in_text_field" time="0.006"/>
  <testcase classname="parkplus.OperatorExit" name="Click_on_verify_button" time="0.011"/>
  <testcase classname="parkplus.OperatorExit" name="enter_otp_in_otp_boxes" time="0.004"/>
  <testcase classname="parkplus.OperatorExit" name="submit_otp" time="1.006"/>
  <testcase classname="parkplus.OperatorExit" name="Click_on_scan_qr_code_button" time="1.009"/>
  <testcase classname="parkplus.OperatorExit" name="Enter_qr_code_to_exit_from_mall" time="0.008"/>
  <testcase classname="parkplus.OperatorExit" name="submit_qr_code_for_exit_from_mall" time="0.008"/>
</testsuite> <!-- parkplus.OperatorExit -->
